TN:
SF:/home/bogdanov-am/projects/fasttlogparser/src/MessageSeries.cpp
FN:12,_Z10as_pyarrayISt6vectorIaSaIaEEEN8pybind117array_tINT_10value_typeELi16EEEOS5_m
FN:12,_Z10as_pyarrayISt6vectorItSaItEEEN8pybind117array_tINT_10value_typeELi16EEEOS5_m
FN:12,_Z10as_pyarrayISt6vectorIiSaIiEEEN8pybind117array_tINT_10value_typeELi16EEEOS5_m
FN:12,_Z10as_pyarrayISt6vectorIjSaIjEEEN8pybind117array_tINT_10value_typeELi16EEEOS5_m
FN:12,_Z10as_pyarrayISt6vectorImSaImEEEN8pybind117array_tINT_10value_typeELi16EEEOS5_m
FN:12,_Z10as_pyarrayISt6vectorIfSaIfEEEN8pybind117array_tINT_10value_typeELi16EEEOS5_m
FN:12,_Z10as_pyarrayISt6vectorIlSaIlEEEN8pybind117array_tINT_10value_typeELi16EEEOS5_m
FN:12,_Z10as_pyarrayISt6vectorIsSaIsEEEN8pybind117array_tINT_10value_typeELi16EEEOS5_m
FN:12,_Z10as_pyarrayISt6vectorIdSaIdEEEN8pybind117array_tINT_10value_typeELi16EEEOS5_m
FN:12,_Z10as_pyarrayISt6vectorIhSaIhEEEN8pybind117array_tINT_10value_typeELi16EEEOS5_m
FN:18,_ZZ10as_pyarrayISt6vectorItSaItEEEN8pybind117array_tINT_10value_typeELi16EEEOS5_mENKUlPvE_clES9_
FN:18,_ZZ10as_pyarrayISt6vectorIfSaIfEEEN8pybind117array_tINT_10value_typeELi16EEEOS5_mENKUlPvE_clES9_
FN:18,_ZZ10as_pyarrayISt6vectorIiSaIiEEEN8pybind117array_tINT_10value_typeELi16EEEOS5_mENKUlPvE_clES9_
FN:18,_ZZ10as_pyarrayISt6vectorIlSaIlEEEN8pybind117array_tINT_10value_typeELi16EEEOS5_mENKUlPvE_clES9_
FN:18,_ZZ10as_pyarrayISt6vectorIsSaIsEEEN8pybind117array_tINT_10value_typeELi16EEEOS5_mENKUlPvE_clES9_
FN:18,_ZZ10as_pyarrayISt6vectorIjSaIjEEEN8pybind117array_tINT_10value_typeELi16EEEOS5_mENKUlPvE_clES9_
FN:18,_ZZ10as_pyarrayISt6vectorIdSaIdEEEN8pybind117array_tINT_10value_typeELi16EEEOS5_mENKUlPvE_clES9_
FN:18,_ZZ10as_pyarrayISt6vectorImSaImEEEN8pybind117array_tINT_10value_typeELi16EEEOS5_mENKUlPvE_clES9_
FN:18,_ZZ10as_pyarrayISt6vectorIaSaIaEEEN8pybind117array_tINT_10value_typeELi16EEEOS5_mENKUlPvE_clES9_
FN:18,_ZZ10as_pyarrayISt6vectorIhSaIhEEEN8pybind117array_tINT_10value_typeELi16EEEOS5_mENKUlPvE_clES9_
FN:31,_Z10as_pyarrayISt6vectorIhSaIhEEEN8pybind117array_tINT_10value_typeELi16EEEOS5_
FN:31,_Z10as_pyarrayISt6vectorIdSaIdEEEN8pybind117array_tINT_10value_typeELi16EEEOS5_
FN:35,_ZN13MessageSeriesC2EPK22__mavlink_message_info
FN:38,_ZN13MessageSeries6addMsgEmPK17__mavlink_message
FN:46,_ZN13MessageSeries8getFieldImEEN8pybind117array_tIT_Li16EEEPK20__mavlink_field_info
FN:46,_ZN13MessageSeries8getFieldIhEEN8pybind117array_tIT_Li16EEEPK20__mavlink_field_info
FN:46,_ZN13MessageSeries8getFieldIsEEN8pybind117array_tIT_Li16EEEPK20__mavlink_field_info
FN:46,_ZN13MessageSeries8getFieldIaEEN8pybind117array_tIT_Li16EEEPK20__mavlink_field_info
FN:46,_ZN13MessageSeries8getFieldIdEEN8pybind117array_tIT_Li16EEEPK20__mavlink_field_info
FN:46,_ZN13MessageSeries8getFieldIfEEN8pybind117array_tIT_Li16EEEPK20__mavlink_field_info
FN:46,_ZN13MessageSeries8getFieldIjEEN8pybind117array_tIT_Li16EEEPK20__mavlink_field_info
FN:46,_ZN13MessageSeries8getFieldIlEEN8pybind117array_tIT_Li16EEEPK20__mavlink_field_info
FN:46,_ZN13MessageSeries8getFieldItEEN8pybind117array_tIT_Li16EEEPK20__mavlink_field_info
FN:46,_ZN13MessageSeries8getFieldIiEEN8pybind117array_tIT_Li16EEEPK20__mavlink_field_info
FN:59,_ZN13MessageSeries12getFieldCharEPK20__mavlink_field_info
FN:71,_ZN13MessageSeries8getFieldEPK20__mavlink_field_info
FN:100,_ZN13MessageSeries13getTimestampsEv
FN:104,_ZN13MessageSeries9getSysIdsEv
FN:112,_ZN13MessageSeries10getCompIdsEv
FN:120,_ZN13MessageSeries6getMsgEm
FN:125,_Z14get_remap_nameRKSt3mapINSt7__cxx1112basic_stringIcSt11char_traitsIcESaIcEEES5_St4lessIS5_ESaISt4pairIKS5_S5_EEES5_
FN:135,_ZN13MessageSeries9getFieldsERKSt3mapINSt7__cxx1112basic_stringIcSt11char_traitsIcESaIcEEES6_St4lessIS6_ESaISt4pairIKS6_S6_EEE
FNDA:20,_ZN13MessageSeries10getCompIdsEv
FNDA:34,_ZZ10as_pyarrayISt6vectorIfSaIfEEEN8pybind117array_tINT_10value_typeELi16EEEOS5_mENKUlPvE_clES9_
FNDA:34,_ZN13MessageSeries8getFieldIfEEN8pybind117array_tIT_Li16EEEPK20__mavlink_field_info
FNDA:5,_Z10as_pyarrayISt6vectorImSaImEEEN8pybind117array_tINT_10value_typeELi16EEEOS5_m
FNDA:20,_ZZ10as_pyarrayISt6vectorIiSaIiEEEN8pybind117array_tINT_10value_typeELi16EEEOS5_mENKUlPvE_clES9_
FNDA:8,_ZN13MessageSeries8getFieldIsEEN8pybind117array_tIT_Li16EEEPK20__mavlink_field_info
FNDA:20,_Z10as_pyarrayISt6vectorIiSaIiEEEN8pybind117array_tINT_10value_typeELi16EEEOS5_m
FNDA:4,_ZN13MessageSeries8getFieldIaEEN8pybind117array_tIT_Li16EEEPK20__mavlink_field_info
FNDA:81479,_ZN13MessageSeries6addMsgEmPK17__mavlink_message
FNDA:61,_ZZ10as_pyarrayISt6vectorItSaItEEEN8pybind117array_tINT_10value_typeELi16EEEOS5_mENKUlPvE_clES9_
FNDA:0,_ZN13MessageSeries8getFieldIdEEN8pybind117array_tIT_Li16EEEPK20__mavlink_field_info
FNDA:51,_Z10as_pyarrayISt6vectorIjSaIjEEEN8pybind117array_tINT_10value_typeELi16EEEOS5_m
FNDA:213,_Z14get_remap_nameRKSt3mapINSt7__cxx1112basic_stringIcSt11char_traitsIcESaIcEEES5_St4lessIS5_ESaISt4pairIKS5_S5_EEES5_
FNDA:61,_Z10as_pyarrayISt6vectorItSaItEEEN8pybind117array_tINT_10value_typeELi16EEEOS5_m
FNDA:20,_ZN13MessageSeries9getFieldsERKSt3mapINSt7__cxx1112basic_stringIcSt11char_traitsIcESaIcEEES6_St4lessIS6_ESaISt4pairIKS6_S6_EEE
FNDA:5,_ZN13MessageSeries8getFieldImEEN8pybind117array_tIT_Li16EEEPK20__mavlink_field_info
FNDA:30,_ZN13MessageSeries8getFieldIhEEN8pybind117array_tIT_Li16EEEPK20__mavlink_field_info
FNDA:20,_ZN13MessageSeries9getSysIdsEv
FNDA:4,_Z10as_pyarrayISt6vectorIaSaIaEEEN8pybind117array_tINT_10value_typeELi16EEEOS5_m
FNDA:20,_Z10as_pyarrayISt6vectorIdSaIdEEEN8pybind117array_tINT_10value_typeELi16EEEOS5_m
FNDA:20,_ZN13MessageSeriesC2EPK22__mavlink_message_info
FNDA:70,_Z10as_pyarrayISt6vectorIhSaIhEEEN8pybind117array_tINT_10value_typeELi16EEEOS5_m
FNDA:0,_ZN13MessageSeries8getFieldIlEEN8pybind117array_tIT_Li16EEEPK20__mavlink_field_info
FNDA:61,_ZN13MessageSeries8getFieldItEEN8pybind117array_tIT_Li16EEEPK20__mavlink_field_info
FNDA:20,_ZN13MessageSeries8getFieldIiEEN8pybind117array_tIT_Li16EEEPK20__mavlink_field_info
FNDA:70,_ZZ10as_pyarrayISt6vectorIhSaIhEEEN8pybind117array_tINT_10value_typeELi16EEEOS5_mENKUlPvE_clES9_
FNDA:1034809,_ZN13MessageSeries6getMsgEm
FNDA:0,_Z10as_pyarrayISt6vectorIlSaIlEEEN8pybind117array_tINT_10value_typeELi16EEEOS5_m
FNDA:0,_ZN13MessageSeries12getFieldCharEPK20__mavlink_field_info
FNDA:8,_Z10as_pyarrayISt6vectorIsSaIsEEEN8pybind117array_tINT_10value_typeELi16EEEOS5_m
FNDA:51,_ZZ10as_pyarrayISt6vectorIjSaIjEEEN8pybind117array_tINT_10value_typeELi16EEEOS5_mENKUlPvE_clES9_
FNDA:20,_ZZ10as_pyarrayISt6vectorIdSaIdEEEN8pybind117array_tINT_10value_typeELi16EEEOS5_mENKUlPvE_clES9_
FNDA:5,_ZZ10as_pyarrayISt6vectorImSaImEEEN8pybind117array_tINT_10value_typeELi16EEEOS5_mENKUlPvE_clES9_
FNDA:4,_ZZ10as_pyarrayISt6vectorIaSaIaEEEN8pybind117array_tINT_10value_typeELi16EEEOS5_mENKUlPvE_clES9_
FNDA:0,_ZZ10as_pyarrayISt6vectorIlSaIlEEEN8pybind117array_tINT_10value_typeELi16EEEOS5_mENKUlPvE_clES9_
FNDA:213,_ZN13MessageSeries8getFieldEPK20__mavlink_field_info
FNDA:8,_ZZ10as_pyarrayISt6vectorIsSaIsEEEN8pybind117array_tINT_10value_typeELi16EEEOS5_mENKUlPvE_clES9_
FNDA:40,_Z10as_pyarrayISt6vectorIhSaIhEEEN8pybind117array_tINT_10value_typeELi16EEEOS5_
FNDA:51,_ZN13MessageSeries8getFieldIjEEN8pybind117array_tIT_Li16EEEPK20__mavlink_field_info
FNDA:34,_Z10as_pyarrayISt6vectorIfSaIfEEEN8pybind117array_tINT_10value_typeELi16EEEOS5_m
FNDA:20,_ZN13MessageSeries13getTimestampsEv
FNDA:20,_Z10as_pyarrayISt6vectorIdSaIdEEEN8pybind117array_tINT_10value_typeELi16EEEOS5_
FNF:42
FNH:37
DA:12,273
DA:14,273
DA:15,273
DA:16,273
DA:17,273
DA:18,819
DA:19,273
DA:21,273
DA:23,273
DA:24,546
DA:26,0
DA:28,273
DA:31,60
DA:32,60
DA:35,20
DA:36,20
DA:38,81479
DA:39,81479
DA:41,81479
DA:42,81479
DA:43,81479
DA:46,213
DA:47,213
DA:48,213
DA:49,213
DA:50,872064
DA:51,871851
DA:52,871851
DA:53,736259
DA:56,426
DA:57,213
DA:59,0
DA:60,0
DA:61,0
DA:62,0
DA:63,0
DA:64,0
DA:65,0
DA:67,0
DA:68,0
DA:71,213
DA:72,213
DA:73,0
DA:74,0
DA:75,30
DA:76,30
DA:77,4
DA:78,4
DA:79,61
DA:80,61
DA:81,8
DA:82,8
DA:83,51
DA:84,51
DA:85,20
DA:86,20
DA:87,5
DA:88,5
DA:89,0
DA:90,0
DA:91,34
DA:92,34
DA:93,0
DA:94,0
DA:97,0
DA:100,20
DA:101,20
DA:104,20
DA:105,20
DA:106,81499
DA:107,81479
DA:109,40
DA:110,20
DA:112,20
DA:113,20
DA:114,81499
DA:115,81479
DA:117,40
DA:118,20
DA:120,1034809
DA:121,1034809
DA:125,213
DA:127,213
DA:128,213
DA:129,2
DA:131,211
DA:135,20
DA:137,20
DA:138,20
DA:139,20
DA:140,20
DA:142,233
DA:143,213
DA:144,213
DA:145,213
DA:146,213
DA:147,213
DA:148,20
DA:149,0
LF:99
LH:81
end_of_record
TN:
SF:/home/bogdanov-am/projects/fasttlogparser/src/MessageSeries.h
FN:40,_ZN13MessageSeries6lengthEv
FNDA:1035315,_ZN13MessageSeries6lengthEv
FNF:1
FNH:1
DA:40,1035315
LF:1
LH:1
end_of_record
TN:
SF:/home/bogdanov-am/projects/fasttlogparser/src/fasttlogparser.cpp
FN:24,_Z8swapThism
FN:34,_Z8readFileRKNSt7__cxx1112basic_stringIcSt11char_traitsIcESaIcEEE
FN:50,_Z13filterMsgByIdSt6vectorISt4pairIhhESaIS1_EEP17__mavlink_message
FN:64,_Z20filterMsgByBlackListSt3setINSt7__cxx1112basic_stringIcSt11char_traitsIcESaIcEEESt4lessIS5_ESaIS5_EES9_P17__mavlink_message
FN:84,_Z8addMavIdRSt3mapIhSt3setIhSt4lessIhESaIhEES2_SaISt4pairIKhS4_EEEP17__mavlink_message
FN:97,_Z9parseTLogRKNSt7__cxx1112basic_stringIcSt11char_traitsIcESaIcEEESt8optionalISt6vectorISt4pairIhhESaISA_EEES7_IS8_IS4_SaIS4_EEESG_S7_ISt3mapIS4_S4_St4lessIS4_ESaIS9_IS5_S4_EEEE
FN:168,_ZL28pybind11_init_fasttlogparserRN8pybind117module_E
FN:168,PyInit_fasttlogparser
FNDA:8,_Z8readFileRKNSt7__cxx1112basic_stringIcSt11char_traitsIcESaIcEEE
FNDA:1,_ZL28pybind11_init_fasttlogparserRN8pybind117module_E
FNDA:101850,_Z20filterMsgByBlackListSt3setINSt7__cxx1112basic_stringIcSt11char_traitsIcESaIcEEESt4lessIS5_ESaIS5_EES9_P17__mavlink_message
FNDA:122220,_Z8addMavIdRSt3mapIhSt3setIhSt4lessIhESaIhEES2_SaISt4pairIKhS4_EEEP17__mavlink_message
FNDA:8,_Z9parseTLogRKNSt7__cxx1112basic_stringIcSt11char_traitsIcESaIcEEESt8optionalISt6vectorISt4pairIhhESaISA_EEES7_IS8_IS4_SaIS4_EEESG_S7_ISt3mapIS4_S4_St4lessIS4_ESaIS9_IS5_S4_EEEE
FNDA:122220,_Z8swapThism
FNDA:1,PyInit_fasttlogparser
FNDA:122220,_Z13filterMsgByIdSt6vectorISt4pairIhhESaIS1_EEP17__mavlink_message
FNF:8
FNH:8
DA:24,122220
DA:28,122220
DA:34,8
DA:35,8
DA:36,8
DA:37,8
DA:38,1
DA:40,7
DA:41,7
DA:42,7
DA:43,14
DA:45,0
DA:47,8
DA:50,122220
DA:51,122220
DA:52,81480
DA:55,61110
DA:56,40740
DA:57,20370
DA:61,20370
DA:64,101850
DA:67,101850
DA:68,101850
DA:70,101850
DA:71,20370
DA:72,16252
DA:76,85598
DA:77,4119
DA:80,81479
DA:81,101850
DA:84,122220
DA:85,122220
DA:86,122220
DA:87,122214
DA:89,6
DA:91,122220
DA:97,8
DA:102,8
DA:103,8
DA:104,1
DA:105,9
DA:106,8
DA:107,1
DA:108,9
DA:110,9
DA:111,9
DA:113,8
DA:114,8
DA:116,8
DA:117,7
DA:118,7
DA:122,7
DA:123,7
DA:125,3635809
DA:126,3635802
DA:127,3635802
DA:129,3635802
DA:130,122220
DA:131,122220
DA:134,3635802
DA:135,122220
DA:136,122220
DA:137,122220
DA:138,40741
DA:140,101850
DA:141,20371
DA:144,81479
DA:145,81479
DA:146,0
DA:149,81479
DA:150,81479
DA:151,81479
DA:152,81459
DA:154,20
DA:155,20
DA:156,20
DA:157,20
DA:158,81479
DA:161,7
DA:162,27
DA:163,20
DA:164,20
DA:165,14
DA:166,13
DA:168,2
DA:169,1
DA:170,2
DA:171,2
DA:175,1
DA:177,1
LF:90
LH:88
end_of_record
